This is pdfTeX, Version 3.14159265-2.6-1.40.17 (TeX Live 2016) (preloaded format=pdflatex 2016.5.22)  12 NOV 2017 17:15
entering extended mode
 restricted \write18 enabled.
 %&-line parsing enabled.
**Ph.20Assignment3.tex
(./Ph.20Assignment3.tex
LaTeX2e <2016/03/31>
Babel <3.9r> and hyphenation patterns for 83 language(s) loaded.
(/usr/local/texlive/2016/texmf-dist/tex/latex/base/article.cls
Document Class: article 2014/09/29 v1.4h Standard LaTeX document class
(/usr/local/texlive/2016/texmf-dist/tex/latex/base/size11.clo
File: size11.clo 2014/09/29 v1.4h Standard LaTeX file (size option)
)
\c@part=\count79
\c@section=\count80
\c@subsection=\count81
\c@subsubsection=\count82
\c@paragraph=\count83
\c@subparagraph=\count84
\c@figure=\count85
\c@table=\count86
\abovecaptionskip=\skip41
\belowcaptionskip=\skip42
\bibindent=\dimen102
)
(/usr/local/texlive/2016/texmf-dist/tex/latex/geometry/geometry.sty
Package: geometry 2010/09/12 v5.6 Page Geometry

(/usr/local/texlive/2016/texmf-dist/tex/latex/graphics/keyval.sty
Package: keyval 2014/10/28 v1.15 key=value parser (DPC)
\KV@toks@=\toks14
)
(/usr/local/texlive/2016/texmf-dist/tex/generic/oberdiek/ifpdf.sty
Package: ifpdf 2016/05/14 v3.1 Provides the ifpdf switch
)
(/usr/local/texlive/2016/texmf-dist/tex/generic/oberdiek/ifvtex.sty
Package: ifvtex 2016/05/16 v1.6 Detect VTeX and its facilities (HO)
Package ifvtex Info: VTeX not detected.
)
(/usr/local/texlive/2016/texmf-dist/tex/generic/ifxetex/ifxetex.sty
Package: ifxetex 2010/09/12 v0.6 Provides ifxetex conditional
)
\Gm@cnth=\count87
\Gm@cntv=\count88
\c@Gm@tempcnt=\count89
\Gm@bindingoffset=\dimen103
\Gm@wd@mp=\dimen104
\Gm@odd@mp=\dimen105
\Gm@even@mp=\dimen106
\Gm@layoutwidth=\dimen107
\Gm@layoutheight=\dimen108
\Gm@layouthoffset=\dimen109
\Gm@layoutvoffset=\dimen110
\Gm@dimlist=\toks15
)
(/usr/local/texlive/2016/texmf-dist/tex/latex/graphics/graphicx.sty
Package: graphicx 2014/10/28 v1.0g Enhanced LaTeX Graphics (DPC,SPQR)

(/usr/local/texlive/2016/texmf-dist/tex/latex/graphics/graphics.sty
Package: graphics 2016/05/09 v1.0r Standard LaTeX Graphics (DPC,SPQR)

(/usr/local/texlive/2016/texmf-dist/tex/latex/graphics/trig.sty
Package: trig 2016/01/03 v1.10 sin cos tan (DPC)
)
(/usr/local/texlive/2016/texmf-dist/tex/latex/graphics-cfg/graphics.cfg
File: graphics.cfg 2016/01/02 v1.10 sample graphics configuration
)
Package graphics Info: Driver file: pdftex.def on input line 96.

(/usr/local/texlive/2016/texmf-dist/tex/latex/pdftex-def/pdftex.def
File: pdftex.def 2011/05/27 v0.06d Graphics/color for pdfTeX

(/usr/local/texlive/2016/texmf-dist/tex/generic/oberdiek/infwarerr.sty
Package: infwarerr 2016/05/16 v1.4 Providing info/warning/error messages (HO)
)
(/usr/local/texlive/2016/texmf-dist/tex/generic/oberdiek/ltxcmds.sty
Package: ltxcmds 2016/05/16 v1.23 LaTeX kernel commands for general use (HO)
)
\Gread@gobject=\count90
))
\Gin@req@height=\dimen111
\Gin@req@width=\dimen112
)
(/usr/local/texlive/2016/texmf-dist/tex/latex/amsfonts/amssymb.sty
Package: amssymb 2013/01/14 v3.01 AMS font symbols

(/usr/local/texlive/2016/texmf-dist/tex/latex/amsfonts/amsfonts.sty
Package: amsfonts 2013/01/14 v3.01 Basic AMSFonts support
\@emptytoks=\toks16
\symAMSa=\mathgroup4
\symAMSb=\mathgroup5
LaTeX Font Info:    Overwriting math alphabet `\mathfrak' in version `bold'
(Font)                  U/euf/m/n --> U/euf/b/n on input line 106.
))
(/usr/local/texlive/2016/texmf-dist/tex/latex/float/float.sty
Package: float 2001/11/08 v1.3d Float enhancements (AL)
\c@float@type=\count91
\float@exts=\toks17
\float@box=\box26
\@float@everytoks=\toks18
\@floatcapt=\box27
)
(/usr/local/texlive/2016/texmf-dist/tex/latex/amsmath/amsmath.sty
Package: amsmath 2016/03/10 v2.15b AMS math features
\@mathmargin=\skip43

For additional information on amsmath, use the `?' option.
(/usr/local/texlive/2016/texmf-dist/tex/latex/amsmath/amstext.sty
Package: amstext 2000/06/29 v2.01 AMS text

(/usr/local/texlive/2016/texmf-dist/tex/latex/amsmath/amsgen.sty
File: amsgen.sty 1999/11/30 v2.0 generic functions
\@emptytoks=\toks19
\ex@=\dimen113
))
(/usr/local/texlive/2016/texmf-dist/tex/latex/amsmath/amsbsy.sty
Package: amsbsy 1999/11/29 v1.2d Bold Symbols
\pmbraise@=\dimen114
)
(/usr/local/texlive/2016/texmf-dist/tex/latex/amsmath/amsopn.sty
Package: amsopn 2016/03/08 v2.02 operator names
)
\inf@bad=\count92
LaTeX Info: Redefining \frac on input line 199.
\uproot@=\count93
\leftroot@=\count94
LaTeX Info: Redefining \overline on input line 297.
\classnum@=\count95
\DOTSCASE@=\count96
LaTeX Info: Redefining \ldots on input line 394.
LaTeX Info: Redefining \dots on input line 397.
LaTeX Info: Redefining \cdots on input line 518.
\Mathstrutbox@=\box28
\strutbox@=\box29
\big@size=\dimen115
LaTeX Font Info:    Redeclaring font encoding OML on input line 634.
LaTeX Font Info:    Redeclaring font encoding OMS on input line 635.
\macc@depth=\count97
\c@MaxMatrixCols=\count98
\dotsspace@=\muskip10
\c@parentequation=\count99
\dspbrk@lvl=\count100
\tag@help=\toks20
\row@=\count101
\column@=\count102
\maxfields@=\count103
\andhelp@=\toks21
\eqnshift@=\dimen116
\alignsep@=\dimen117
\tagshift@=\dimen118
\tagwidth@=\dimen119
\totwidth@=\dimen120
\lineht@=\dimen121
\@envbody=\toks22
\multlinegap=\skip44
\multlinetaggap=\skip45
\mathdisplay@stack=\toks23
LaTeX Info: Redefining \[ on input line 2739.
LaTeX Info: Redefining \] on input line 2740.
)
(./Ph.20Assignment3.aux)
\openout1 = `Ph.20Assignment3.aux'.

LaTeX Font Info:    Checking defaults for OML/cmm/m/it on input line 18.
LaTeX Font Info:    ... okay on input line 18.
LaTeX Font Info:    Checking defaults for T1/cmr/m/n on input line 18.
LaTeX Font Info:    ... okay on input line 18.
LaTeX Font Info:    Checking defaults for OT1/cmr/m/n on input line 18.
LaTeX Font Info:    ... okay on input line 18.
LaTeX Font Info:    Checking defaults for OMS/cmsy/m/n on input line 18.
LaTeX Font Info:    ... okay on input line 18.
LaTeX Font Info:    Checking defaults for OMX/cmex/m/n on input line 18.
LaTeX Font Info:    ... okay on input line 18.
LaTeX Font Info:    Checking defaults for U/cmr/m/n on input line 18.
LaTeX Font Info:    ... okay on input line 18.

*geometry* driver: auto-detecting
*geometry* detected driver: pdftex
*geometry* verbose mode - [ preamble ] result:
* driver: pdftex
* paper: letterpaper
* layout: <same size as paper>
* layoutoffset:(h,v)=(0.0pt,0.0pt)
* modes: 
* h-part:(L,W,R)=(92.14519pt, 430.00462pt, 92.14519pt)
* v-part:(T,H,B)=(95.39737pt, 556.47656pt, 143.09605pt)
* \paperwidth=614.295pt
* \paperheight=794.96999pt
* \textwidth=430.00462pt
* \textheight=556.47656pt
* \oddsidemargin=19.8752pt
* \evensidemargin=19.8752pt
* \topmargin=-13.87262pt
* \headheight=12.0pt
* \headsep=25.0pt
* \topskip=11.0pt
* \footskip=30.0pt
* \marginparwidth=59.0pt
* \marginparsep=10.0pt
* \columnsep=10.0pt
* \skip\footins=10.0pt plus 4.0pt minus 2.0pt
* \hoffset=0.0pt
* \voffset=0.0pt
* \mag=1000
* \@twocolumnfalse
* \@twosidefalse
* \@mparswitchfalse
* \@reversemarginfalse
* (1in=72.27pt=25.4mm, 1cm=28.453pt)

(/usr/local/texlive/2016/texmf-dist/tex/context/base/mkii/supp-pdf.mkii
[Loading MPS to PDF converter (version 2006.09.02).]
\scratchcounter=\count104
\scratchdimen=\dimen122
\scratchbox=\box30
\nofMPsegments=\count105
\nofMParguments=\count106
\everyMPshowfont=\toks24
\MPscratchCnt=\count107
\MPscratchDim=\dimen123
\MPnumerator=\count108
\makeMPintoPDFobject=\count109
\everyMPtoPDFconversion=\toks25
) (/usr/local/texlive/2016/texmf-dist/tex/generic/oberdiek/pdftexcmds.sty
Package: pdftexcmds 2016/05/10 v0.21 Utility functions of pdfTeX for LuaTeX (HO
)

(/usr/local/texlive/2016/texmf-dist/tex/generic/oberdiek/ifluatex.sty
Package: ifluatex 2016/05/16 v1.4 Provides the ifluatex switch (HO)
Package ifluatex Info: LuaTeX not detected.
)
Package pdftexcmds Info: LuaTeX not detected.
Package pdftexcmds Info: \pdf@primitive is available.
Package pdftexcmds Info: \pdf@ifprimitive is available.
Package pdftexcmds Info: \pdfdraftmode found.
)
(/usr/local/texlive/2016/texmf-dist/tex/latex/oberdiek/epstopdf-base.sty
Package: epstopdf-base 2016/05/15 v2.6 Base part for package epstopdf

(/usr/local/texlive/2016/texmf-dist/tex/latex/oberdiek/grfext.sty
Package: grfext 2016/05/16 v1.2 Manage graphics extensions (HO)

(/usr/local/texlive/2016/texmf-dist/tex/generic/oberdiek/kvdefinekeys.sty
Package: kvdefinekeys 2016/05/16 v1.4 Define keys (HO)
))
(/usr/local/texlive/2016/texmf-dist/tex/latex/oberdiek/kvoptions.sty
Package: kvoptions 2016/05/16 v3.12 Key value format for package options (HO)

(/usr/local/texlive/2016/texmf-dist/tex/generic/oberdiek/kvsetkeys.sty
Package: kvsetkeys 2016/05/16 v1.17 Key value parser (HO)

(/usr/local/texlive/2016/texmf-dist/tex/generic/oberdiek/etexcmds.sty
Package: etexcmds 2016/05/16 v1.6 Avoid name clashes with e-TeX commands (HO)
Package etexcmds Info: Could not find \expanded.
(etexcmds)             That can mean that you are not using pdfTeX 1.50 or
(etexcmds)             that some package has redefined \expanded.
(etexcmds)             In the latter case, load this package earlier.
)))
Package grfext Info: Graphics extension search list:
(grfext)             [.png,.pdf,.jpg,.mps,.jpeg,.jbig2,.jb2,.PNG,.PDF,.JPG,.JPE
G,.JBIG2,.JB2,.eps]
(grfext)             \AppendGraphicsExtensions on input line 456.

(/usr/local/texlive/2016/texmf-dist/tex/latex/latexconfig/epstopdf-sys.cfg
File: epstopdf-sys.cfg 2010/07/13 v1.3 Configuration of (r)epstopdf for TeX Liv
e
))
LaTeX Font Info:    Try loading font information for U+msa on input line 19.

(/usr/local/texlive/2016/texmf-dist/tex/latex/amsfonts/umsa.fd
File: umsa.fd 2013/01/14 v3.01 AMS symbols A
)
LaTeX Font Info:    Try loading font information for U+msb on input line 19.

(/usr/local/texlive/2016/texmf-dist/tex/latex/amsfonts/umsb.fd
File: umsb.fd 2013/01/14 v3.01 AMS symbols B
) [1

{/usr/local/texlive/2016/texmf-var/fonts/map/pdftex/updmap/pdftex.map}]
<explicitEuler.pdf, id=18, 1084.05pt x 1084.05pt>
File: explicitEuler.pdf Graphic file (type pdf)
 <use explicitEuler.pdf>
Package pdftex.def Info: explicitEuler.pdf used on input line 102.
(pdftex.def)             Requested size: 128.98866pt x 139.11191pt.

<implicitEuler.pdf, id=19, 1084.05pt x 1084.05pt>
File: implicitEuler.pdf Graphic file (type pdf)
 <use implicitEuler.pdf>
Package pdftex.def Info: implicitEuler.pdf used on input line 103.
(pdftex.def)             Requested size: 128.98866pt x 139.11191pt.

<trueState.pdf, id=20, 1084.05pt x 1084.05pt>
File: trueState.pdf Graphic file (type pdf)
 <use trueState.pdf>
Package pdftex.def Info: trueState.pdf used on input line 104.
(pdftex.def)             Requested size: 128.98866pt x 139.11191pt.

<errorPlot1.pdf, id=21, 1084.05pt x 1084.05pt>
File: errorPlot1.pdf Graphic file (type pdf)
 <use errorPlot1.pdf>
Package pdftex.def Info: errorPlot1.pdf used on input line 109.
(pdftex.def)             Requested size: 214.98662pt x 194.75667pt.

<errorPlot2.pdf, id=22, 1084.05pt x 1084.05pt>
File: errorPlot2.pdf Graphic file (type pdf)
 <use errorPlot2.pdf>
Package pdftex.def Info: errorPlot2.pdf used on input line 110.
(pdftex.def)             Requested size: 214.98662pt x 194.75667pt.

Overfull \hbox (2.40195pt too wide) in paragraph at lines 109--111
[][] [] 
 []

[2 <./explicitEuler.pdf> <./implicitEuler.pdf

pdfTeX warning: pdflatex (file ./implicitEuler.pdf): PDF inclusion: multiple pd
fs with page group included in a single page
> <./trueState.pdf

pdfTeX warning: pdflatex (file ./trueState.pdf): PDF inclusion: multiple pdfs w
ith page group included in a single page
>] <errorvsH.pdf, id=78, 1084.05pt x 1084.05pt>
File: errorvsH.pdf Graphic file (type pdf)
 <use errorvsH.pdf>
Package pdftex.def Info: errorvsH.pdf used on input line 115.
(pdftex.def)             Requested size: 214.98662pt x 194.75667pt.

<errorvsH2.pdf, id=79, 1084.05pt x 1084.05pt>
File: errorvsH2.pdf Graphic file (type pdf)
 <use errorvsH2.pdf>
Package pdftex.def Info: errorvsH2.pdf used on input line 116.
(pdftex.def)             Requested size: 214.98662pt x 194.75667pt.

Overfull \hbox (2.40195pt too wide) in paragraph at lines 115--117
[][] [] 
 []

[3 <./errorPlot1.pdf> <./errorPlot2.pdf

pdfTeX warning: pdflatex (file ./errorPlot2.pdf): PDF inclusion: multiple pdfs 
with page group included in a single page
>] <energyPlot.pdf, id=116, 1084.05pt x 1084.05pt>
File: energyPlot.pdf Graphic file (type pdf)
 <use energyPlot.pdf>
Package pdftex.def Info: energyPlot.pdf used on input line 121.
(pdftex.def)             Requested size: 214.98662pt x 194.75667pt.

<energy2.pdf, id=117, 1084.05pt x 1084.05pt>
File: energy2.pdf Graphic file (type pdf)
 <use energy2.pdf>
Package pdftex.def Info: energy2.pdf used on input line 122.
(pdftex.def)             Requested size: 214.98662pt x 194.75667pt.

Overfull \hbox (2.40195pt too wide) in paragraph at lines 121--123
[][] [] 
 []

[4 <./errorvsH.pdf> <./errorvsH2.pdf

pdfTeX warning: pdflatex (file ./errorvsH2.pdf): PDF inclusion: multiple pdfs w
ith page group included in a single page
>] <XvsVexplicit.pdf, id=158, 1084.05pt x 1084.05pt>
File: XvsVexplicit.pdf Graphic file (type pdf)
 <use XvsVexplicit.pdf>
Package pdftex.def Info: XvsVexplicit.pdf used on input line 127.
(pdftex.def)             Requested size: 214.98662pt x 194.75667pt.

<XvsVimplicit.pdf, id=159, 1084.05pt x 1084.05pt>
File: XvsVimplicit.pdf Graphic file (type pdf)
 <use XvsVimplicit.pdf>
Package pdftex.def Info: XvsVimplicit.pdf used on input line 128.
(pdftex.def)             Requested size: 214.98662pt x 194.75667pt.

Overfull \hbox (2.40195pt too wide) in paragraph at lines 127--129
[][] [] 
 []

[5 <./energyPlot.pdf> <./energy2.pdf

pdfTeX warning: pdflatex (file ./energy2.pdf): PDF inclusion: multiple pdfs wit
h page group included in a single page
>] <XvsVsymp.pdf, id=202, 1084.05pt x 1084.05pt>
File: XvsVsymp.pdf Graphic file (type pdf)
 <use XvsVsymp.pdf>
Package pdftex.def Info: XvsVsymp.pdf used on input line 133.
(pdftex.def)             Requested size: 214.98662pt x 194.75667pt.


LaTeX Warning: File `XvsVtrue.pdf' not found on input line 134.


! Package pdftex.def Error: File `XvsVtrue.pdf' not found.

See the pdftex.def package documentation for explanation.
Type  H <return>  for immediate help.
 ...                                              
                                                  
l.134 ...dth, height=.35\textheight]{XvsVtrue.pdf}
                                                  
? 
! Interruption.
\GenericError  ...                                
                                                  \endgroup 
l.134 ...dth, height=.35\textheight]{XvsVtrue.pdf}
                                                  
? 

Overfull \hbox (2.43001pt too wide) in paragraph at lines 133--135
[][] [] 
 []

[6 <./XvsVexplicit.pdf> <./XvsVimplicit.pdf

pdfTeX warning: pdflatex (file ./XvsVimplicit.pdf): PDF inclusion: multiple pdf
s with page group included in a single page
>] <sympError.pdf, id=233, 1084.05pt x 1084.05pt>
File: sympError.pdf Graphic file (type pdf)
 <use sympError.pdf>
Package pdftex.def Info: sympError.pdf used on input line 139.
(pdftex.def)             Requested size: 301.00111pt x 278.24036pt.
 [7 <./XvsVsymp.pdf>] [8 <./sympError.pdf>] (./Ph.20Assignment3.aux) ) 
Here is how much of TeX's memory you used:
 2987 strings out of 493014
 40663 string characters out of 6133351
 108782 words of memory out of 5000000
 6475 multiletter control sequences out of 15000+600000
 11213 words of font info for 43 fonts, out of 8000000 for 9000
 1141 hyphenation exceptions out of 8191
 38i,7n,26p,754b,254s stack positions out of 5000i,500n,10000p,200000b,80000s
</usr/loc
al/texlive/2016/texmf-dist/fonts/type1/public/amsfonts/cm/cmbx10.pfb></usr/loca
l/texlive/2016/texmf-dist/fonts/type1/public/amsfonts/cm/cmbx12.pfb></usr/local
/texlive/2016/texmf-dist/fonts/type1/public/amsfonts/cm/cmex10.pfb></usr/local/
texlive/2016/texmf-dist/fonts/type1/public/amsfonts/cm/cmmi10.pfb></usr/local/t
exlive/2016/texmf-dist/fonts/type1/public/amsfonts/cm/cmmi8.pfb></usr/local/tex
live/2016/texmf-dist/fonts/type1/public/amsfonts/cm/cmr10.pfb></usr/local/texli
ve/2016/texmf-dist/fonts/type1/public/amsfonts/cm/cmr12.pfb></usr/local/texlive
/2016/texmf-dist/fonts/type1/public/amsfonts/cm/cmr17.pfb></usr/local/texlive/2
016/texmf-dist/fonts/type1/public/amsfonts/cm/cmr6.pfb></usr/local/texlive/2016
/texmf-dist/fonts/type1/public/amsfonts/cm/cmr8.pfb></usr/local/texlive/2016/te
xmf-dist/fonts/type1/public/amsfonts/cm/cmsy10.pfb></usr/local/texlive/2016/tex
mf-dist/fonts/type1/public/amsfonts/cm/cmsy8.pfb></usr/local/texlive/2016/texmf
-dist/fonts/type1/public/amsfonts/cm/cmtt10.pfb>
Output written on Ph.20Assignment3.pdf (8 pages, 283308 bytes).
PDF statistics:
 322 PDF objects out of 1000 (max. 8388607)
 131 compressed objects within 2 object streams
 0 named destinations out of 1000 (max. 500000)
 66 words of extra memory for PDF output out of 10000 (max. 10000000)

